# JRE version: Java(TM) SE Runtime Environment (8.0_131-b11) (build 1.8.0_131-b11)
# Java VM: Java HotSpot(TM) 64-Bit Server VM (25.131-b11 mixed mode linux-amd64 compressed oops)
Heap:
 PSYoungGen      total 826368K, used 720K [0x000000076d100000, 0x000000079fa00000, 0x00000007c0000000)
  eden space 824320K, 0% used [0x000000076d100000,0x000000076d100000,0x000000079f600000)
  from space 2048K, 35% used [0x000000079f600000,0x000000079f6b4090,0x000000079f800000)
  to   space 2048K, 0% used [0x000000079f800000,0x000000079f800000,0x000000079fa00000)
 ParOldGen       total 171008K, used 1116K [0x00000006c7200000, 0x00000006d1900000, 0x000000076d100000)
  object space 171008K, 0% used [0x00000006c7200000,0x00000006c7317360,0x00000006d1900000)
 Metaspace       used 3565K, capacity 4568K, committed 4864K, reserved 1056768K
  class space    used 390K, capacity 392K, committed 512K, reserved 1048576K
GC Heap History (10 events):
Event: 8.282 GC heap after
Heap after GC invocations=6 (full 0):
 PSYoungGen      total 259072K, used 1520K [0x000000076d100000, 0x000000077d100000, 0x00000007c0000000)
  eden space 257536K, 0% used [0x000000076d100000,0x000000076d100000,0x000000077cc80000)
  from space 1536K, 98% used [0x000000077ce80000,0x000000077cffc050,0x000000077d000000)
  to   space 2048K, 0% used [0x000000077cc80000,0x000000077cc80000,0x000000077ce80000)
 ParOldGen       total 171008K, used 32K [0x00000006c7200000, 0x00000006d1900000, 0x000000076d100000)
  object space 171008K, 0% used [0x00000006c7200000,0x00000006c7208000,0x00000006d1900000)
 Metaspace       used 3526K, capacity 4568K, committed 4864K, reserved 1056768K
  class space    used 390K, capacity 392K, committed 512K, reserved 1048576K
}
Event: 8.970 GC heap before
{Heap before GC invocations=7 (full 0):
 PSYoungGen      total 259072K, used 259056K [0x000000076d100000, 0x000000077d100000, 0x00000007c0000000)
  eden space 257536K, 100% used [0x000000076d100000,0x000000077cc80000,0x000000077cc80000)
  from space 1536K, 98% used [0x000000077ce80000,0x000000077cffc050,0x000000077d000000)
  to   space 2048K, 0% used [0x000000077cc80000,0x000000077cc80000,0x000000077ce80000)
 ParOldGen       total 171008K, used 32K [0x00000006c7200000, 0x00000006d1900000, 0x000000076d100000)
  object space 171008K, 0% used [0x00000006c7200000,0x00000006c7208000,0x00000006d1900000)
 Metaspace       used 3527K, capacity 4568K, committed 4864K, reserved 1056768K
  class space    used 390K, capacity 392K, committed 512K, reserved 1048576K
Event: 8.981 GC heap after
Heap after GC invocations=7 (full 0):
 PSYoungGen      total 259584K, used 688K [0x000000076d100000, 0x000000078cc00000, 0x00000007c0000000)
  eden space 257536K, 0% used [0x000000076d100000,0x000000076d100000,0x000000077cc80000)
  from space 2048K, 33% used [0x000000077cc80000,0x000000077cd2c090,0x000000077ce80000)
  to   space 2048K, 0% used [0x000000078ca00000,0x000000078ca00000,0x000000078cc00000)
 ParOldGen       total 171008K, used 876K [0x00000006c7200000, 0x00000006d1900000, 0x000000076d100000)
  object space 171008K, 0% used [0x00000006c7200000,0x00000006c72db360,0x00000006d1900000)
 Metaspace       used 3527K, capacity 4568K, committed 4864K, reserved 1056768K
  class space    used 390K, capacity 392K, committed 512K, reserved 1048576K
}
Event: 9.349 GC heap before
{Heap before GC invocations=8 (full 0):
 PSYoungGen      total 259584K, used 258224K [0x000000076d100000, 0x000000078cc00000, 0x00000007c0000000)
  eden space 257536K, 100% used [0x000000076d100000,0x000000077cc80000,0x000000077cc80000)
  from space 2048K, 33% used [0x000000077cc80000,0x000000077cd2c090,0x000000077ce80000)
  to   space 2048K, 0% used [0x000000078ca00000,0x000000078ca00000,0x000000078cc00000)
 ParOldGen       total 171008K, used 876K [0x00000006c7200000, 0x00000006d1900000, 0x000000076d100000)
  object space 171008K, 0% used [0x00000006c7200000,0x00000006c72db360,0x00000006d1900000)
 Metaspace       used 3530K, capacity 4568K, committed 4864K, reserved 1056768K
  class space    used 390K, capacity 392K, committed 512K, reserved 1048576K
Event: 9.351 GC heap after
Heap after GC invocations=8 (full 0):
 PSYoungGen      total 517120K, used 752K [0x000000076d100000, 0x000000078cc00000, 0x00000007c0000000)
  eden space 515072K, 0% used [0x000000076d100000,0x000000076d100000,0x000000078c800000)
  from space 2048K, 36% used [0x000000078ca00000,0x000000078cabc050,0x000000078cc00000)
  to   space 2048K, 0% used [0x000000078c800000,0x000000078c800000,0x000000078ca00000)
 ParOldGen       total 171008K, used 900K [0x00000006c7200000, 0x00000006d1900000, 0x000000076d100000)
  object space 171008K, 0% used [0x00000006c7200000,0x00000006c72e1360,0x00000006d1900000)
 Metaspace       used 3530K, capacity 4568K, committed 4864K, reserved 1056768K
  class space    used 390K, capacity 392K, committed 512K, reserved 1048576K
}
Event: 9.699 GC heap before
{Heap before GC invocations=9 (full 0):
 PSYoungGen      total 517120K, used 515824K [0x000000076d100000, 0x000000078cc00000, 0x00000007c0000000)
  eden space 515072K, 100% used [0x000000076d100000,0x000000078c800000,0x000000078c800000)
  from space 2048K, 36% used [0x000000078ca00000,0x000000078cabc050,0x000000078cc00000)
  to   space 2048K, 0% used [0x000000078c800000,0x000000078c800000,0x000000078ca00000)
 ParOldGen       total 171008K, used 900K [0x00000006c7200000, 0x00000006d1900000, 0x000000076d100000)
  object space 171008K, 0% used [0x00000006c7200000,0x00000006c72e1360,0x00000006d1900000)
 Metaspace       used 3541K, capacity 4568K, committed 4864K, reserved 1056768K
  class space    used 390K, capacity 392K, committed 512K, reserved 1048576K
Event: 9.699 GC heap after
Heap after GC invocations=9 (full 0):
 PSYoungGen      total 517120K, used 752K [0x000000076d100000, 0x000000079fa00000, 0x00000007c0000000)
  eden space 515072K, 0% used [0x000000076d100000,0x000000076d100000,0x000000078c800000)
  from space 2048K, 36% used [0x000000078c800000,0x000000078c8bc0f0,0x000000078ca00000)
  to   space 2048K, 0% used [0x000000079f800000,0x000000079f800000,0x000000079fa00000)
 ParOldGen       total 171008K, used 940K [0x00000006c7200000, 0x00000006d1900000, 0x000000076d100000)
  object space 171008K, 0% used [0x00000006c7200000,0x00000006c72eb360,0x00000006d1900000)
 Metaspace       used 3541K, capacity 4568K, committed 4864K, reserved 1056768K
  class space    used 390K, capacity 392K, committed 512K, reserved 1048576K
}
Event: 9.991 GC heap before
{Heap before GC invocations=10 (full 0):
 PSYoungGen      total 517120K, used 515824K [0x000000076d100000, 0x000000079fa00000, 0x00000007c0000000)
  eden space 515072K, 100% used [0x000000076d100000,0x000000078c800000,0x000000078c800000)
  from space 2048K, 36% used [0x000000078c800000,0x000000078c8bc0f0,0x000000078ca00000)
  to   space 2048K, 0% used [0x000000079f800000,0x000000079f800000,0x000000079fa00000)
 ParOldGen       total 171008K, used 940K [0x00000006c7200000, 0x00000006d1900000, 0x000000076d100000)
  object space 171008K, 0% used [0x00000006c7200000,0x00000006c72eb360,0x00000006d1900000)
 Metaspace       used 3552K, capacity 4568K, committed 4864K, reserved 1056768K
  class space    used 390K, capacity 392K, committed 512K, reserved 1048576K
Event: 9.992 GC heap after
Heap after GC invocations=10 (full 0):
 PSYoungGen      total 826368K, used 720K [0x000000076d100000, 0x000000079fa00000, 0x00000007c0000000)
  eden space 824320K, 0% used [0x000000076d100000,0x000000076d100000,0x000000079f600000)
  from space 2048K, 35% used [0x000000079f800000,0x000000079f8b4090,0x000000079fa00000)
  to   space 2048K, 0% used [0x000000079f600000,0x000000079f600000,0x000000079f800000)
 ParOldGen       total 171008K, used 996K [0x00000006c7200000, 0x00000006d1900000, 0x000000076d100000)
  object space 171008K, 0% used [0x00000006c7200000,0x00000006c72f9360,0x00000006d1900000)
 Metaspace       used 3552K, capacity 4568K, committed 4864K, reserved 1056768K
  class space    used 390K, capacity 392K, committed 512K, reserved 1048576K
}
Event: 10.472 GC heap before
{Heap before GC invocations=11 (full 0):
 PSYoungGen      total 826368K, used 825040K [0x000000076d100000, 0x000000079fa00000, 0x00000007c0000000)
  eden space 824320K, 100% used [0x000000076d100000,0x000000079f600000,0x000000079f600000)
  from space 2048K, 35% used [0x000000079f800000,0x000000079f8b4090,0x000000079fa00000)
  to   space 2048K, 0% used [0x000000079f600000,0x000000079f600000,0x000000079f800000)
 ParOldGen       total 171008K, used 996K [0x00000006c7200000, 0x00000006d1900000, 0x000000076d100000)
  object space 171008K, 0% used [0x00000006c7200000,0x00000006c72f9360,0x00000006d1900000)
 Metaspace       used 3565K, capacity 4568K, committed 4864K, reserved 1056768K
  class space    used 390K, capacity 392K, committed 512K, reserved 1048576K

